<?xml version="1.0" encoding="UTF-8"?>
<testsuite xmlns:xsi="http://www.w3.org/2001/XMLSchema-instance" xsi:noNamespaceSchemaLocation="https://maven.apache.org/surefire/maven-surefire-plugin/xsd/surefire-test-report-3.0.xsd" version="3.0" name="es.valencia.ciudadania360.ws.ciudadano.entity.CiudadanoTest" time="0.021" tests="4" errors="0" skipped="0" failures="0">
  <properties>
[...]
</properties>
  <testcase name="testToString" classname="es.valencia.ciudadania360.ws.ciudadano.entity.CiudadanoTest" time="0.005"/>
  <testcase name="testSettersAndGetters" classname="es.valencia.ciudadania360.ws.ciudadano.entity.CiudadanoTest" time="0.002"/>
  <testcase name="testEqualsAndHashCode" classname="es.valencia.ciudadania360.ws.ciudadano.entity.CiudadanoTest" time="0.003"/>
  <testcase name="testConstructor" classname="es.valencia.ciudadania360.ws.ciudadano.entity.CiudadanoTest" time="0.001"/>
</testsuite>